# JRE version: OpenJDK Runtime Environment (8.0_152-b01) (build 1.8.0_152-release-915-b01)
# Java VM: OpenJDK 64-Bit Server VM (25.152-b01 mixed mode windows-amd64 compressed oops)
Heap:
 PSYoungGen      total 75776K, used 27333K [0x00000000e0000000, 0x00000000e6880000, 0x0000000100000000)
  eden space 65024K, 30% used [0x00000000e0000000,0x00000000e13975f8,0x00000000e3f80000)
  from space 10752K, 67% used [0x00000000e3f80000,0x00000000e4699fb8,0x00000000e4a00000)
  to   space 10752K, 0% used [0x00000000e5e00000,0x00000000e5e00000,0x00000000e6880000)
 ParOldGen       total 124928K, used 12833K [0x00000000a0000000, 0x00000000a7a00000, 0x00000000e0000000)
  object space 124928K, 10% used [0x00000000a0000000,0x00000000a0c88408,0x00000000a7a00000)
 Metaspace       used 27569K, capacity 28116K, committed 28160K, reserved 1073152K
  class space    used 3619K, capacity 3823K, committed 3840K, reserved 1048576K
GC Heap History (8 events):
Event: 0.669 GC heap before
{Heap before GC invocations=1 (full 0):
 PSYoungGen      total 75776K, used 65024K [0x00000000e0000000, 0x00000000e5480000, 0x0000000100000000)
  eden space 65024K, 100% used [0x00000000e0000000,0x00000000e3f80000,0x00000000e3f80000)
  from space 10752K, 0% used [0x00000000e4a00000,0x00000000e4a00000,0x00000000e5480000)
  to   space 10752K, 0% used [0x00000000e3f80000,0x00000000e3f80000,0x00000000e4a00000)
 ParOldGen       total 173568K, used 0K [0x00000000a0000000, 0x00000000aa980000, 0x00000000e0000000)
  object space 173568K, 0% used [0x00000000a0000000,0x00000000a0000000,0x00000000aa980000)
 Metaspace       used 12745K, capacity 13116K, committed 13440K, reserved 1060864K
  class space    used 1662K, capacity 1807K, committed 1920K, reserved 1048576K
Event: 0.673 GC heap after
Heap after GC invocations=1 (full 0):
 PSYoungGen      total 75776K, used 8018K [0x00000000e0000000, 0x00000000e5480000, 0x0000000100000000)
  eden space 65024K, 0% used [0x00000000e0000000,0x00000000e0000000,0x00000000e3f80000)
  from space 10752K, 74% used [0x00000000e3f80000,0x00000000e4754900,0x00000000e4a00000)
  to   space 10752K, 0% used [0x00000000e4a00000,0x00000000e4a00000,0x00000000e5480000)
 ParOldGen       total 173568K, used 16K [0x00000000a0000000, 0x00000000aa980000, 0x00000000e0000000)
  object space 173568K, 0% used [0x00000000a0000000,0x00000000a0004000,0x00000000aa980000)
 Metaspace       used 12745K, capacity 13116K, committed 13440K, reserved 1060864K
  class space    used 1662K, capacity 1807K, committed 1920K, reserved 1048576K
}
Event: 1.390 GC heap before
{Heap before GC invocations=2 (full 0):
 PSYoungGen      total 75776K, used 71639K [0x00000000e0000000, 0x00000000e5480000, 0x0000000100000000)
  eden space 65024K, 97% used [0x00000000e0000000,0x00000000e3e21370,0x00000000e3f80000)
  from space 10752K, 74% used [0x00000000e3f80000,0x00000000e4754900,0x00000000e4a00000)
  to   space 10752K, 0% used [0x00000000e4a00000,0x00000000e4a00000,0x00000000e5480000)
 ParOldGen       total 173568K, used 16K [0x00000000a0000000, 0x00000000aa980000, 0x00000000e0000000)
  object space 173568K, 0% used [0x00000000a0000000,0x00000000a0004000,0x00000000aa980000)
 Metaspace       used 20775K, capacity 21104K, committed 21248K, reserved 1067008K
  class space    used 2807K, capacity 2947K, committed 3072K, reserved 1048576K
Event: 1.396 GC heap after
Heap after GC invocations=2 (full 0):
 PSYoungGen      total 75776K, used 10739K [0x00000000e0000000, 0x00000000e5480000, 0x0000000100000000)
  eden space 65024K, 0% used [0x00000000e0000000,0x00000000e0000000,0x00000000e3f80000)
  from space 10752K, 99% used [0x00000000e4a00000,0x00000000e547cf68,0x00000000e5480000)
  to   space 10752K, 0% used [0x00000000e3f80000,0x00000000e3f80000,0x00000000e4a00000)
 ParOldGen       total 173568K, used 2611K [0x00000000a0000000, 0x00000000aa980000, 0x00000000e0000000)
  object space 173568K, 1% used [0x00000000a0000000,0x00000000a028ce78,0x00000000aa980000)
 Metaspace       used 20775K, capacity 21104K, committed 21248K, reserved 1067008K
  class space    used 2807K, capacity 2947K, committed 3072K, reserved 1048576K
}
Event: 1.396 GC heap before
{Heap before GC invocations=3 (full 1):
 PSYoungGen      total 75776K, used 10739K [0x00000000e0000000, 0x00000000e5480000, 0x0000000100000000)
  eden space 65024K, 0% used [0x00000000e0000000,0x00000000e0000000,0x00000000e3f80000)
  from space 10752K, 99% used [0x00000000e4a00000,0x00000000e547cf68,0x00000000e5480000)
  to   space 10752K, 0% used [0x00000000e3f80000,0x00000000e3f80000,0x00000000e4a00000)
 ParOldGen       total 173568K, used 2611K [0x00000000a0000000, 0x00000000aa980000, 0x00000000e0000000)
  object space 173568K, 1% used [0x00000000a0000000,0x00000000a028ce78,0x00000000aa980000)
 Metaspace       used 20775K, capacity 21104K, committed 21248K, reserved 1067008K
  class space    used 2807K, capacity 2947K, committed 3072K, reserved 1048576K
Event: 1.414 GC heap after
Heap after GC invocations=3 (full 1):
 PSYoungGen      total 75776K, used 0K [0x00000000e0000000, 0x00000000e5480000, 0x0000000100000000)
  eden space 65024K, 0% used [0x00000000e0000000,0x00000000e0000000,0x00000000e3f80000)
  from space 10752K, 0% used [0x00000000e4a00000,0x00000000e4a00000,0x00000000e5480000)
  to   space 10752K, 0% used [0x00000000e3f80000,0x00000000e3f80000,0x00000000e4a00000)
 ParOldGen       total 124928K, used 12825K [0x00000000a0000000, 0x00000000a7a00000, 0x00000000e0000000)
  object space 124928K, 10% used [0x00000000a0000000,0x00000000a0c86408,0x00000000a7a00000)
 Metaspace       used 20775K, capacity 21104K, committed 21248K, reserved 1067008K
  class space    used 2807K, capacity 2947K, committed 3072K, reserved 1048576K
}
Event: 2.002 GC heap before
{Heap before GC invocations=4 (full 1):
 PSYoungGen      total 75776K, used 65024K [0x00000000e0000000, 0x00000000e5480000, 0x0000000100000000)
  eden space 65024K, 100% used [0x00000000e0000000,0x00000000e3f80000,0x00000000e3f80000)
  from space 10752K, 0% used [0x00000000e4a00000,0x00000000e4a00000,0x00000000e5480000)
  to   space 10752K, 0% used [0x00000000e3f80000,0x00000000e3f80000,0x00000000e4a00000)
 ParOldGen       total 124928K, used 12825K [0x00000000a0000000, 0x00000000a7a00000, 0x00000000e0000000)
  object space 124928K, 10% used [0x00000000a0000000,0x00000000a0c86408,0x00000000a7a00000)
 Metaspace       used 26801K, capacity 27182K, committed 27264K, reserved 1073152K
  class space    used 3532K, capacity 3705K, committed 3712K, reserved 1048576K
Event: 2.005 GC heap after
Heap after GC invocations=4 (full 1):
 PSYoungGen      total 75776K, used 7271K [0x00000000e0000000, 0x00000000e6880000, 0x0000000100000000)
  eden space 65024K, 0% used [0x00000000e0000000,0x00000000e0000000,0x00000000e3f80000)
  from space 10752K, 67% used [0x00000000e3f80000,0x00000000e4699fb8,0x00000000e4a00000)
  to   space 10752K, 0% used [0x00000000e5e00000,0x00000000e5e00000,0x00000000e6880000)
 ParOldGen       total 124928K, used 12833K [0x00000000a0000000, 0x00000000a7a00000, 0x00000000e0000000)
  object space 124928K, 10% used [0x00000000a0000000,0x00000000a0c88408,0x00000000a7a00000)
 Metaspace       used 26801K, capacity 27182K, committed 27264K, reserved 1073152K
  class space    used 3532K, capacity 3705K, committed 3712K, reserved 1048576K
}

